2024-05-21 09:48:00,494 ERROR VCheckViewer.App.OnDispatcherUnhandledException [289] - MESSAGE: General Error >>> 
 System.Windows.ResourceReferenceKeyNotFoundException: 'DataGridVerticalTextAligned' resource not found.
   at MS.Internal.Helper.FindResourceHelper.DoTryCatchWhen(Object arg)
   at System.Windows.Threading.ExceptionWrapper.InternalRealCall(Delegate callback, Object args, Int32 numArgs)
   at System.Windows.Threading.ExceptionWrapper.TryCatchWhen(Object source, Delegate callback, Object args, Int32 numArgs, Delegate catchHandler)
2024-05-21 09:48:09,887 ERROR VCheckViewer.App.OnDispatcherUnhandledException [289] - MESSAGE: General Error >>> 
 System.Windows.ResourceReferenceKeyNotFoundException: 'DataGridVerticalTextAligned' resource not found.
   at MS.Internal.Helper.FindResourceHelper.DoTryCatchWhen(Object arg)
   at System.Windows.Threading.ExceptionWrapper.InternalRealCall(Delegate callback, Object args, Int32 numArgs)
   at System.Windows.Threading.ExceptionWrapper.TryCatchWhen(Object source, Delegate callback, Object args, Int32 numArgs, Delegate catchHandler)
2024-05-21 10:47:59,951 ERROR VCheckViewer.App.MoveNext [481] - MESSAGE: Email Error >>> 
 System.Exception
   at VCheckViewer.Views.Windows.Main.AddUserRowHandler(EventArgs e, Object sender) in C:\Users\azwan\Work\Repo\Git Repo\VCheckRepo\VCheckViewer\Views\Windows\Main.xaml.cs:line 481
2024-05-21 15:19:49,612 ERROR VCheck.Lib.Data.DBContext.ConfigurationDBContext.GetConfigurationData [42] - MESSAGE: Database Error >>> 
 MySql.Data.MySqlClient.MySqlException (0x80004005): Authentication to host 'localhost' for user 'root' using method 'caching_sha2_password' failed with message: Access denied for user 'root'@'localhost' (using password: YES)
 ---> MySql.Data.MySqlClient.MySqlException (0x80004005): Access denied for user 'root'@'localhost' (using password: YES)
   at MySql.Data.MySqlClient.MySqlStream.ReadPacketAsync(Boolean execAsync)
   at MySql.Data.MySqlClient.NativeDriver.ReadPacketAsync(Boolean execAsync)
   at MySql.Data.MySqlClient.Authentication.MySqlAuthenticationPlugin.ReadPacketAsync(Boolean execAsync)
   at MySql.Data.MySqlClient.Authentication.MySqlAuthenticationPlugin.AuthenticationFailed(MySqlException ex)
   at MySql.Data.MySqlClient.Authentication.MySqlAuthenticationPlugin.ReadPacketAsync(Boolean execAsync)
   at MySql.Data.MySqlClient.Authentication.MySqlAuthenticationPlugin.ContinueAuthenticationAsync(Boolean execAsync, Byte[] data)
   at MySql.Data.MySqlClient.Authentication.MySqlAuthenticationPlugin.AuthenticateAsync(Boolean reset, Boolean execAsync)
   at MySql.Data.MySqlClient.NativeDriver.AuthenticateAsync(String authMethod, Boolean reset, Boolean execAsync)
   at MySql.Data.MySqlClient.NativeDriver.OpenAsync(Boolean execAsync, CancellationToken cancellationToken)
   at MySql.Data.MySqlClient.NativeDriver.OpenAsync(Boolean execAsync, CancellationToken cancellationToken)
   at MySql.Data.MySqlClient.Driver.OpenAsync(Boolean execAsync, CancellationToken cancellationToken)
   at MySql.Data.MySqlClient.Driver.CreateAsync(MySqlConnectionStringBuilder settings, Boolean execAsync, CancellationToken cancellationToken)
   at MySql.Data.MySqlClient.Driver.CreateAsync(MySqlConnectionStringBuilder settings, Boolean execAsync, CancellationToken cancellationToken)
   at MySql.Data.MySqlClient.MySqlPool.CreateNewPooledConnectionAsync(Boolean execAsync, CancellationToken cancellationToken)
   at MySql.Data.MySqlClient.MySqlPool.GetPooledConnectionAsync(Boolean execAsync, CancellationToken cancellationToken)
   at MySql.Data.MySqlClient.MySqlPool.TryToGetDriverAsync(Boolean execAsync, CancellationToken cancellationToken)
   at MySql.Data.MySqlClient.MySqlPool.GetConnectionAsync(Boolean execAsync, CancellationToken cancellationToken)
   at MySql.Data.MySqlClient.MySqlConnection.OpenAsync(Boolean execAsync, CancellationToken cancellationToken)
   at MySql.Data.MySqlClient.MySqlConnection.Open()
   at VCheck.Lib.Data.DBContext.ConfigurationDBContext.GetConfigurationData(String configurationKey) in C:\Users\azwan\Work\Repo\Git Repo\VCheckRepo\Library\VCheck.Lib.Data\DBContext\ConfigurationDBContext.cs:line 42
