2024-05-28 12:52:17,063 ERROR VCheckViewer.App.MoveNext [519] - MESSAGE: Email Error >>> 
 System.Exception
   at VCheckViewer.Views.Windows.Main.AddUserRowHandler(EventArgs e, Object sender) in C:\Users\azwan\Work\Repo\Git Repo\VCheckRepo\VCheckViewer\Views\Windows\Main.xaml.cs:line 519
2024-05-28 12:54:18,204 ERROR VCheckViewer.App.MoveNext [519] - MESSAGE: Email Error >>> 
 System.Exception
   at VCheckViewer.Views.Windows.Main.AddUserRowHandler(EventArgs e, Object sender) in C:\Users\azwan\Work\Repo\Git Repo\VCheckRepo\VCheckViewer\Views\Windows\Main.xaml.cs:line 519
2024-05-28 13:32:01,802 ERROR VCheck.Lib.Data.DBContext.UserDBContext.GetUserListByPage [48] - MESSAGE: Database Error >>> 
 MySql.Data.MySqlClient.MySqlException (0x80004005): You have an error in your SQL syntax; check the manual that corresponds to your MySQL server version for the right syntax to use near '-1,1' at line 1
   at MySql.Data.MySqlClient.MySqlStream.ReadPacketAsync(Boolean execAsync)
   at MySql.Data.MySqlClient.NativeDriver.GetResultAsync(Int32 affectedRow, Int64 insertedId, Boolean execAsync)
   at MySql.Data.MySqlClient.Driver.GetResultAsync(Int32 statementId, Int32 affectedRows, Int64 insertedId, Boolean execAsync)
   at MySql.Data.MySqlClient.Driver.NextResultAsync(Int32 statementId, Boolean force, Boolean execAsync)
   at MySql.Data.MySqlClient.MySqlDataReader.NextResultAsync(Boolean execAsync, CancellationToken cancellationToken)
   at MySql.Data.MySqlClient.MySqlDataReader.NextResultAsync(Boolean execAsync, CancellationToken cancellationToken)
   at MySql.Data.MySqlClient.MySqlCommand.ExecuteReaderAsync(CommandBehavior behavior, Boolean execAsync, CancellationToken cancellationToken)
   at MySql.Data.MySqlClient.MySqlCommand.ExecuteReaderAsync(CommandBehavior behavior, Boolean execAsync, CancellationToken cancellationToken)
   at MySql.Data.MySqlClient.MySqlCommand.ExecuteReaderAsync(CommandBehavior behavior, Boolean execAsync, CancellationToken cancellationToken)
   at MySql.Data.MySqlClient.MySqlCommand.ExecuteReader()
   at VCheck.Lib.Data.DBContext.UserDBContext.GetUserListByPage(Int32 start, Int32 end) in C:\Users\azwan\Work\Repo\Git Repo\VCheckRepo\Library\VCheck.Lib.Data\DBContext\UserDBContext.cs:line 48
2024-05-28 13:34:26,132 ERROR VCheck.Lib.Data.DBContext.UserDBContext.GetUserListByPage [48] - MESSAGE: Database Error >>> 
 MySql.Data.MySqlClient.MySqlException (0x80004005): You have an error in your SQL syntax; check the manual that corresponds to your MySQL server version for the right syntax to use near '-1,1' at line 1
   at MySql.Data.MySqlClient.MySqlStream.ReadPacketAsync(Boolean execAsync)
   at MySql.Data.MySqlClient.NativeDriver.GetResultAsync(Int32 affectedRow, Int64 insertedId, Boolean execAsync)
   at MySql.Data.MySqlClient.Driver.GetResultAsync(Int32 statementId, Int32 affectedRows, Int64 insertedId, Boolean execAsync)
   at MySql.Data.MySqlClient.Driver.NextResultAsync(Int32 statementId, Boolean force, Boolean execAsync)
   at MySql.Data.MySqlClient.MySqlDataReader.NextResultAsync(Boolean execAsync, CancellationToken cancellationToken)
   at MySql.Data.MySqlClient.MySqlDataReader.NextResultAsync(Boolean execAsync, CancellationToken cancellationToken)
   at MySql.Data.MySqlClient.MySqlCommand.ExecuteReaderAsync(CommandBehavior behavior, Boolean execAsync, CancellationToken cancellationToken)
   at MySql.Data.MySqlClient.MySqlCommand.ExecuteReaderAsync(CommandBehavior behavior, Boolean execAsync, CancellationToken cancellationToken)
   at MySql.Data.MySqlClient.MySqlCommand.ExecuteReaderAsync(CommandBehavior behavior, Boolean execAsync, CancellationToken cancellationToken)
   at MySql.Data.MySqlClient.MySqlCommand.ExecuteReader()
   at VCheck.Lib.Data.DBContext.UserDBContext.GetUserListByPage(Int32 start, Int32 end) in C:\Users\azwan\Work\Repo\Git Repo\VCheckRepo\Library\VCheck.Lib.Data\DBContext\UserDBContext.cs:line 48
