2024-05-27 11:23:03,783 ERROR VCheckViewerAPI.Lib.Util.Logger.Error [31] - MESSAGE: Internal Error >>> 
 System.InvalidOperationException: An open reader is associated with this command. Close it before changing the CommandText property.
   at Microsoft.Data.Sqlite.SqliteCommand.set_CommandText(String value)
   at VCheckViewerAPI.Controllers.APIController.TestSQLite() in C:\Users\azwan\Work\Repo\Git Repo\VCheckRepo\VCheckViewerAPI\Controllers\APIController.cs:line 97
   at Microsoft.Extensions.Internal.ObjectMethodExecutor.<>c__DisplayClass33_0.<WrapVoidMethod>b__0(Object target, Object[] parameters)
   at Microsoft.AspNetCore.Mvc.Infrastructure.ActionMethodExecutor.VoidResultExecutor.Execute(ActionContext actionContext, IActionResultTypeMapper mapper, ObjectMethodExecutor executor, Object controller, Object[] arguments)
   at Microsoft.AspNetCore.Mvc.Infrastructure.ControllerActionInvoker.InvokeActionMethodAsync()
   at Microsoft.AspNetCore.Mvc.Infrastructure.ControllerActionInvoker.Next(State& next, Scope& scope, Object& state, Boolean& isCompleted)
   at Microsoft.AspNetCore.Mvc.Infrastructure.ControllerActionInvoker.InvokeNextActionFilterAsync()
--- End of stack trace from previous location ---
   at Microsoft.AspNetCore.Mvc.Infrastructure.ControllerActionInvoker.Rethrow(ActionExecutedContextSealed context)
   at Microsoft.AspNetCore.Mvc.Infrastructure.ControllerActionInvoker.Next(State& next, Scope& scope, Object& state, Boolean& isCompleted)
   at Microsoft.AspNetCore.Mvc.Infrastructure.ControllerActionInvoker.InvokeInnerFilterAsync()
--- End of stack trace from previous location ---
   at Microsoft.AspNetCore.Mvc.Infrastructure.ResourceInvoker.<InvokeFilterPipelineAsync>g__Awaited|20_0(ResourceInvoker invoker, Task lastTask, State next, Scope scope, Object state, Boolean isCompleted)
   at Microsoft.AspNetCore.Mvc.Infrastructure.ResourceInvoker.<InvokeAsync>g__Awaited|17_0(ResourceInvoker invoker, Task task, IDisposable scope)
   at Microsoft.AspNetCore.Mvc.Infrastructure.ResourceInvoker.<InvokeAsync>g__Awaited|17_0(ResourceInvoker invoker, Task task, IDisposable scope)
   at VCheckViewerAPI.Services.ApiHandlerMiddleware.Invoke(HttpContext context) in C:\Users\azwan\Work\Repo\Git Repo\VCheckRepo\VCheckViewerAPI\Services\ApiHandlerMiddleware.cs:line 29
   at Microsoft.AspNetCore.Diagnostics.ExceptionHandlerMiddlewareImpl.<Invoke>g__Awaited|10_0(ExceptionHandlerMiddlewareImpl middleware, HttpContext context, Task task)
2024-05-27 11:46:38,603 ERROR VCheckViewerAPI.Lib.Util.Logger.Error [31] - MESSAGE: Internal Error >>> 
 System.ArgumentException: Stream was not readable.
   at System.IO.StreamReader..ctor(Stream stream, Encoding encoding, Boolean detectEncodingFromByteOrderMarks, Int32 bufferSize, Boolean leaveOpen)
   at System.IO.StreamReader..ctor(Stream stream)
   at VCheckViewerAPI.Services.ApiHandlerMiddleware.Invoke(HttpContext context) in C:\Users\azwan\Work\Repo\Git Repo\VCheckRepo\VCheckViewerAPI\Services\ApiHandlerMiddleware.cs:line 32
   at Microsoft.AspNetCore.Diagnostics.ExceptionHandlerMiddlewareImpl.<Invoke>g__Awaited|10_0(ExceptionHandlerMiddlewareImpl middleware, HttpContext context, Task task)
2024-05-27 11:47:42,037 ERROR VCheckViewerAPI.Lib.Util.Logger.Error [31] - MESSAGE: Internal Error >>> 
 System.ArgumentException: Stream was not readable.
   at System.IO.StreamReader..ctor(Stream stream, Encoding encoding, Boolean detectEncodingFromByteOrderMarks, Int32 bufferSize, Boolean leaveOpen)
   at System.IO.StreamReader..ctor(Stream stream)
   at VCheckViewerAPI.Services.ApiHandlerMiddleware.Invoke(HttpContext context) in C:\Users\azwan\Work\Repo\Git Repo\VCheckRepo\VCheckViewerAPI\Services\ApiHandlerMiddleware.cs:line 32
   at Microsoft.AspNetCore.Diagnostics.ExceptionHandlerMiddlewareImpl.<Invoke>g__Awaited|10_0(ExceptionHandlerMiddlewareImpl middleware, HttpContext context, Task task)
2024-05-27 12:21:51,704 ERROR VCheckViewerAPI.Lib.Util.Logger.Error [31] - MESSAGE: Internal Error >>> 
 System.InvalidOperationException: Synchronous operations are disallowed. Call ReadAsync or set AllowSynchronousIO to true instead.
   at Microsoft.AspNetCore.Server.Kestrel.Core.Internal.Http.HttpRequestStream.Read(Byte[] buffer, Int32 offset, Int32 count)
   at System.IO.Stream.Read(Span`1 buffer)
   at Microsoft.AspNetCore.WebUtilities.FileBufferingReadStream.Read(Span`1 buffer)
   at Microsoft.AspNetCore.WebUtilities.FileBufferingReadStream.Read(Byte[] buffer, Int32 offset, Int32 count)
   at System.IO.StreamReader.ReadBuffer()
   at System.IO.StreamReader.ReadToEnd()
   at VCheckViewerAPI.Services.ApiHandlerMiddleware.Invoke(HttpContext context) in C:\Users\azwan\Work\Repo\Git Repo\VCheckRepo\VCheckViewerAPI\Services\ApiHandlerMiddleware.cs:line 34
   at Microsoft.AspNetCore.Diagnostics.ExceptionHandlerMiddlewareImpl.<Invoke>g__Awaited|10_0(ExceptionHandlerMiddlewareImpl middleware, HttpContext context, Task task)
2024-05-27 12:24:31,822 ERROR VCheckViewerAPI.Lib.Util.Logger.Error [31] - MESSAGE: Internal Error >>> 
 System.ObjectDisposedException: Cannot access a disposed object.
Object name: 'System.String'.
   at Microsoft.AspNetCore.WebUtilities.FileBufferingReadStream.ReadAsync(Memory`1 buffer, CancellationToken cancellationToken)
   at System.Text.Json.Serialization.ReadBufferState.ReadFromStreamAsync(Stream utf8Json, CancellationToken cancellationToken, Boolean fillBuffer)
   at System.Text.Json.Serialization.Metadata.JsonTypeInfo`1.DeserializeAsync(Stream utf8Json, CancellationToken cancellationToken)
   at System.Text.Json.Serialization.Metadata.JsonTypeInfo`1.DeserializeAsObjectAsync(Stream utf8Json, CancellationToken cancellationToken)
   at Microsoft.AspNetCore.Mvc.Formatters.SystemTextJsonInputFormatter.ReadRequestBodyAsync(InputFormatterContext context, Encoding encoding)
   at Microsoft.AspNetCore.Mvc.Formatters.SystemTextJsonInputFormatter.ReadRequestBodyAsync(InputFormatterContext context, Encoding encoding)
   at Microsoft.AspNetCore.Mvc.ModelBinding.Binders.BodyModelBinder.BindModelAsync(ModelBindingContext bindingContext)
   at Microsoft.AspNetCore.Mvc.ModelBinding.ParameterBinder.BindModelAsync(ActionContext actionContext, IModelBinder modelBinder, IValueProvider valueProvider, ParameterDescriptor parameter, ModelMetadata metadata, Object value, Object container)
   at Microsoft.AspNetCore.Mvc.Controllers.ControllerBinderDelegateProvider.<>c__DisplayClass0_0.<<CreateBinderDelegate>g__Bind|0>d.MoveNext()
--- End of stack trace from previous location ---
   at Microsoft.AspNetCore.Mvc.Infrastructure.ControllerActionInvoker.<InvokeInnerFilterAsync>g__Awaited|13_0(ControllerActionInvoker invoker, Task lastTask, State next, Scope scope, Object state, Boolean isCompleted)
   at Microsoft.AspNetCore.Mvc.Infrastructure.ResourceInvoker.<InvokeFilterPipelineAsync>g__Awaited|20_0(ResourceInvoker invoker, Task lastTask, State next, Scope scope, Object state, Boolean isCompleted)
   at Microsoft.AspNetCore.Mvc.Infrastructure.ResourceInvoker.<InvokeAsync>g__Awaited|17_0(ResourceInvoker invoker, Task task, IDisposable scope)
   at Microsoft.AspNetCore.Mvc.Infrastructure.ResourceInvoker.<InvokeAsync>g__Awaited|17_0(ResourceInvoker invoker, Task task, IDisposable scope)
   at VCheckViewerAPI.Services.ApiHandlerMiddleware.Invoke(HttpContext context) in C:\Users\azwan\Work\Repo\Git Repo\VCheckRepo\VCheckViewerAPI\Services\ApiHandlerMiddleware.cs:line 40
   at Microsoft.AspNetCore.Diagnostics.ExceptionHandlerMiddlewareImpl.<Invoke>g__Awaited|10_0(ExceptionHandlerMiddlewareImpl middleware, HttpContext context, Task task)
2024-05-27 12:26:18,038 ERROR VCheckViewerAPI.Lib.Util.Logger.Error [31] - MESSAGE: Internal Error >>> 
 System.ObjectDisposedException: Cannot access a disposed object.
Object name: 'System.String'.
   at Microsoft.AspNetCore.WebUtilities.FileBufferingReadStream.set_Position(Int64 value)
   at VCheckViewerAPI.Services.ApiHandlerMiddleware.Invoke(HttpContext context) in C:\Users\azwan\Work\Repo\Git Repo\VCheckRepo\VCheckViewerAPI\Services\ApiHandlerMiddleware.cs:line 38
   at Microsoft.AspNetCore.Diagnostics.ExceptionHandlerMiddlewareImpl.<Invoke>g__Awaited|10_0(ExceptionHandlerMiddlewareImpl middleware, HttpContext context, Task task)
2024-05-27 12:29:22,259 ERROR VCheckViewerAPI.Lib.Util.Logger.Error [31] - MESSAGE: Internal Error >>> 
 System.NotSupportedException: Specified method is not supported.
   at Microsoft.AspNetCore.Server.Kestrel.Core.Internal.Http.HttpRequestStream.Seek(Int64 offset, SeekOrigin origin)
   at VCheckViewerAPI.Services.ApiHandlerMiddleware.Invoke(HttpContext context) in C:\Users\azwan\Work\Repo\Git Repo\VCheckRepo\VCheckViewerAPI\Services\ApiHandlerMiddleware.cs:line 30
   at Microsoft.AspNetCore.Diagnostics.ExceptionHandlerMiddlewareImpl.<Invoke>g__Awaited|10_0(ExceptionHandlerMiddlewareImpl middleware, HttpContext context, Task task)
2024-05-27 14:21:12,954 ERROR VCheckViewerAPI.Lib.Util.Logger.Error [35] - MESSAGE: Internal Error >>> 
 System.NotSupportedException: Specified method is not supported.
   at Microsoft.AspNetCore.Server.Kestrel.Core.Internal.Http.HttpRequestStream.set_Position(Int64 value)
   at VCheckViewerAPI.Services.ApiHandlerMiddleware.Invoke(HttpContext context) in C:\Users\azwan\Work\Repo\Git Repo\VCheckRepo\VCheckViewerAPI\Services\ApiHandlerMiddleware.cs:line 35
   at Microsoft.AspNetCore.Diagnostics.ExceptionHandlerMiddlewareImpl.<Invoke>g__Awaited|10_0(ExceptionHandlerMiddlewareImpl middleware, HttpContext context, Task task)
